<?xml version="1.0" encoding="UTF-8"?>
<!-- Generated by org.testng.reporters.JUnitReportReporter -->
<testsuite hostname="DESKTOP-3LAS9CR" failures="0" tests="1" name="runnerpack.Emp_NoDeduction_Runner" time="20.526" errors="0" timestamp="11 Apr 2020 20:22:03 GMT" skipped="0">
  <testcase classname="runnerpack.Emp_NoDeduction_Runner" name="runScenario" time="20.526"/>
</testsuite> <!-- runnerpack.Emp_NoDeduction_Runner -->
